100.02.19 01:50 A c:\windows\desktop\dsmud\superbug\npc\song_info\Call_me <-- ds /open/world1/cominging/area/npc/song_info Call_me
100.02.19 01:50 A c:\windows\desktop\dsmud\superbug\npc\song_info\hardtoloveone <-- ds /open/world1/cominging/area/npc/song_info hardtoloveone
100.02.19 01:50 A c:\windows\desktop\dsmud\superbug\npc\song_info\ICan'tCRY <-- ds /open/world1/cominging/area/npc/song_info ICan'tCRY
100.02.19 01:50 A c:\windows\desktop\dsmud\superbug\npc\song_info\ifcloudknow <-- ds /open/world1/cominging/area/npc/song_info ifcloudknow
100.02.19 01:50 A c:\windows\desktop\dsmud\superbug\npc\song_info\moonismyheart <-- ds /open/world1/cominging/area/npc/song_info moonismyheart
100.02.19 01:50 A c:\windows\desktop\dsmud\superbug\npc\song_info\rainforever <-- ds /open/world1/cominging/area/npc/song_info rainforever
100.02.19 01:51 A c:\windows\desktop\dsmud\superbug\npc\song_info\song_info.s <-- ds /open/world1/cominging/area/npc/song_info song_info.s
100.02.19 01:51 A c:\windows\desktop\dsmud\superbug\npc\song_info\walkin'rain <-- ds /open/world1/cominging/area/npc/song_info walkin'rain
100.02.19 01:51 A c:\windows\desktop\dsmud\superbug\npc\song_info\不可能錯過你 <-- ds /open/world1/cominging/area/npc/song_info 不可能錯過你
100.02.19 01:51 A c:\windows\desktop\dsmud\superbug\npc\song_info\有染 <-- ds /open/world1/cominging/area/npc/song_info 有染
100.02.19 01:51 A c:\windows\desktop\dsmud\superbug\npc\song_info\你是對的 <-- ds /open/world1/cominging/area/npc/song_info 你是對的
100.02.19 01:51 A c:\windows\desktop\dsmud\superbug\npc\song_info\我不是一個愛過就算的人 <-- ds /open/world1/cominging/area/npc/song_info 我不是一個愛過就算的人
100.02.19 01:51 A c:\windows\desktop\dsmud\superbug\npc\song_info\我可以抱你嗎？ <-- ds /open/world1/cominging/area/npc/song_info 我可以抱你嗎？
100.02.19 01:51 A c:\windows\desktop\dsmud\superbug\npc\song_info\aaremote <-- ds /open/world1/cominging/area/npc/song_info 我最搖擺
100.02.19 01:51 A c:\windows\desktop\dsmud\superbug\npc\song_info\把妳藏起來 <-- ds /open/world1/cominging/area/npc/song_info 把妳藏起來
100.02.19 01:51 A c:\windows\desktop\dsmud\superbug\npc\song_info\孟婆湯 <-- ds /open/world1/cominging/area/npc/song_info 孟婆湯
100.02.19 01:54 A c:\windows\desktop\dsmud\superbug\npc\song_info\aaremote --> ds.muds.net /u/a/alickyuen/superbug/npc/song_info aaremote
100.02.19 01:54 A c:\windows\desktop\dsmud\superbug\npc\song_info\Call_me --> ds.muds.net /u/a/alickyuen/superbug/npc/song_info Call_me
100.02.19 01:54 A c:\windows\desktop\dsmud\superbug\npc\song_info\hardtoloveone --> ds.muds.net /u/a/alickyuen/superbug/npc/song_info hardtoloveone
100.02.19 01:54 A c:\windows\desktop\dsmud\superbug\npc\song_info\ICan'tCRY --> ds.muds.net /u/a/alickyuen/superbug/npc/song_info ICan'tCRY
100.02.19 01:54 A c:\windows\desktop\dsmud\superbug\npc\song_info\ifcloudknow --> ds.muds.net /u/a/alickyuen/superbug/npc/song_info ifcloudknow
100.02.19 01:54 A c:\windows\desktop\dsmud\superbug\npc\song_info\moonismyheart --> ds.muds.net /u/a/alickyuen/superbug/npc/song_info moonismyheart
100.02.19 01:54 A c:\windows\desktop\dsmud\superbug\npc\song_info\rainforever --> ds.muds.net /u/a/alickyuen/superbug/npc/song_info rainforever
100.02.19 01:54 A c:\windows\desktop\dsmud\superbug\npc\song_info\song_info.s --> ds.muds.net /u/a/alickyuen/superbug/npc/song_info song_info.s
100.02.19 01:54 A c:\windows\desktop\dsmud\superbug\npc\song_info\walkin'rain --> ds.muds.net /u/a/alickyuen/superbug/npc/song_info walkin'rain
