Failed to load condition daemon /daemon/condition/ill_zongshu, removed from obj/user#983477 ("奇")
Error: *call_other() couldn't find object

Failed to load condition daemon /daemon/condition/ill_shangan, removed from obj/user#983477 ("奇")
Error: *call_other() couldn't find object

Failed to load condition daemon /daemon/condition/addkee, removed from obj/user#990058 ("流影")
Error: *call_other() couldn't find object

Failed to load condition daemon /daemon/condition/CombatDanceCD, removed from obj/user#1076714 ("流影")
Error: *call_other() couldn't find object

Failed to load condition daemon /daemon/condition/CombatDanceCD, removed from obj/user#1076714 ("流影")
Error: *call_other() couldn't find object

Failed to load condition daemon /daemon/condition/CombatDanceCD, removed from obj/user#1076714 ("流影")
Error: *call_other() couldn't find object

Failed to load condition daemon /daemon/condition/CombatDanceCD, removed from obj/user#1076714 ("流影")
Error: *call_other() couldn't find object

Failed to load condition daemon /daemon/condition/CombatDanceCD, removed from obj/user#1087615 ("流影")
Error: *call_other() couldn't find object

Failed to load condition daemon /daemon/condition/ComabtDanceArmor, removed from obj/user#1087615 ("流影")
Error: *call_other() couldn't find object

Failed to load condition daemon /daemon/condition/ComabtDanceDamage, removed from obj/user#1087615 ("流影")
Error: *call_other() couldn't find object

Failed to load condition daemon /daemon/condition/ComabtDanceHit, removed from obj/user#1087615 ("流影")
Error: *call_other() couldn't find object

Failed to load condition daemon /daemon/condition/ComabtDanceDodge, removed from obj/user#1087615 ("流影")
Error: *call_other() couldn't find object

Failed to load condition daemon /daemon/condition/ComabtDanceArmor, removed from obj/user#1087615 ("流影")
Error: *call_other() couldn't find object

Failed to load condition daemon /daemon/condition/buddha-force, removed from obj/user#13566 ("奇")
Error: *call_other() couldn't find object

Failed to load condition daemon /daemon/condition/cold-poison, removed from obj/user#664061 ("天道總司")
Error: *call_other() couldn't find object

Failed to load condition daemon /daemon/condition/cold-poison, removed from obj/user#664061 ("天道總司")
Error: *call_other() couldn't find object

Failed to load condition daemon /daemon/condition/six-open-force, removed from obj/user#1015271 ("天道總司")
Error: *call_other() couldn't find object

Failed to load condition daemon /daemon/condition/apply, removed from obj/user#2388711 ("流影")
Error: *call_other() couldn't find object

